Сборка начата 22.03.2024 18:16:00.
Уровень детализации журнала: Normal.     1>Проект "C:\Users\Manmade\Desktop\КПО\KPO_2sem\Code\lab_4\lab_4\lab_4.vcxproj" в узле 2 (целевые объекты Build).
     1>PrepareForBuild:
         Структурированный вывод включен. Форматирование диагностики компилятора будет отражать иерархию ошибок. Подробнее см. https://aka.ms/cpp/structured-output.
         Создание каталога "C:\Users\Manmade\Desktop\КПО\KPO_2sem\Code\lab_4\x64\Debug\".
         Создание каталога "x64\Debug\lab_4.tlog\".
       InitializeBuildStatus:
         Создание "x64\Debug\lab_4.tlog\unsuccessfulbuild", так как было задано "AlwaysCreate".
         Обращение к "x64\Debug\lab_4.tlog\unsuccessfulbuild".
       ClCompile:
         C:\Program Files\Microsoft Visual Studio\2022\Community\VC\Tools\MSVC\14.39.33519\bin\HostX64\x64\CL.exe /c /ZI /JMC /nologo /W3 /WX- /diagnostics:column /sdl /Od /D _DEBUG /D _CONSOLE /D _UNICODE /D UNICODE /Gm- /EHsc /RTC1 /MDd /GS /fp:precise /Zc:wchar_t /Zc:forScope /Zc:inline /permissive- /Fo"x64\Debug\\" /Fd"x64\Debug\vc143.pdb" /external:W3 /Gd /TP /FC /errorReport:prompt lab_4.cpp
         lab_4.cpp
     1>C:\Users\Manmade\Desktop\КПО\KPO_2sem\Code\lab_4\lab_4\lab_4.cpp(17,25): error C2064: результатом вычисления фрагмента не является функция, принимающая 1 аргументов
     1>C:\Users\Manmade\Desktop\КПО\KPO_2sem\Code\lab_4\lab_4\lab_4.cpp(21,25): error C2064: результатом вычисления фрагмента не является функция, принимающая 1 аргументов
     1>Сборка проекта "C:\Users\Manmade\Desktop\КПО\KPO_2sem\Code\lab_4\lab_4\lab_4.vcxproj" завершена (целевые объекты Build) с ошибкой.

Ошибка сборки.

       "C:\Users\Manmade\Desktop\КПО\KPO_2sem\Code\lab_4\lab_4\lab_4.vcxproj" (целевой объект Build ) (1) ->
       (Целевой объект ClCompile) -> 
         C:\Users\Manmade\Desktop\КПО\KPO_2sem\Code\lab_4\lab_4\lab_4.cpp(17,25): error C2064: результатом вычисления фрагмента не является функция, принимающая 1 аргументов
         C:\Users\Manmade\Desktop\КПО\KPO_2sem\Code\lab_4\lab_4\lab_4.cpp(21,25): error C2064: результатом вычисления фрагмента не является функция, принимающая 1 аргументов

    Предупреждений: 0
    Ошибок: 2

Прошло времени 00:00:00.59
